<?xml version="1.0" encoding="UTF-8"?>
<!-- Generated by org.testng.reporters.JUnitXMLReporter -->
<testsuite hostname="Kerims-MacBook-Pro.local" ignored="0" name="Test Lesson01" tests="10" failures="0" timestamp="2023-02-02T23:24:53 PST" time="60.967" errors="0">
  <testcase name="@BeforeMethod setUp" time="20.775" classname="com.neotech.utils.BaseClass">
    <failure type="org.openqa.selenium.SessionNotCreatedException" message="Could not start a new session. Possible causes are invalid address of the remote server or browser start-up failure. 
Host info: host: &amp;apos;Kerims-MacBook-Pro.local&amp;apos;, ip: &amp;apos;fe80:0:0:0:5f:4e8a:2bc9:126f%en0&amp;apos;">
      <![CDATA[org.openqa.selenium.SessionNotCreatedException: Could not start a new session. Possible causes are invalid address of the remote server or browser start-up failure. 
Host info: host: 'Kerims-MacBook-Pro.local', ip: 'fe80:0:0:0:5f:4e8a:2bc9:126f%en0'
at org.openqa.selenium.remote.RemoteWebDriver.execute(RemoteWebDriver.java:553)
at org.openqa.selenium.remote.RemoteWebDriver.startSession(RemoteWebDriver.java:228)
at org.openqa.selenium.remote.RemoteWebDriver.<init>(RemoteWebDriver.java:156)
at org.openqa.selenium.chromium.ChromiumDriver.<init>(ChromiumDriver.java:101)
at org.openqa.selenium.chrome.ChromeDriver.<init>(ChromeDriver.java:82)
at org.openqa.selenium.chrome.ChromeDriver.<init>(ChromeDriver.java:50)
at com.neotech.utils.BaseClass.setUp(BaseClass.java:29)
at java.util.ArrayList.forEach(ArrayList.java:1259)
Caused by: org.openqa.selenium.WebDriverException: Timed out waiting for driver process to start.
Build info: version: '4.7.2', revision: '4d4020c3b7'
System info: os.name: 'Mac OS X', os.arch: 'x86_64', os.version: '13.2', java.version: '1.8.0_361'
Driver info: driver.version: ChromeDriver
at org.openqa.selenium.remote.service.DriverService.start(DriverService.java:218)
at org.openqa.selenium.remote.service.DriverCommandExecutor.execute(DriverCommandExecutor.java:98)
at org.openqa.selenium.remote.RemoteWebDriver.execute(RemoteWebDriver.java:535)
... 38 more
... Removed 31 stack frames]]>
    </failure>
  </testcase> <!-- @BeforeMethod setUp -->
  <testcase name="@BeforeMethod openAndNavigate" time="-1.675409053709E9" classname="com.neotech.lesson01.TitleAndLoginValidation">
    <skipped/>
  </testcase> <!-- @BeforeMethod openAndNavigate -->
  <testcase name="@AfterMethod quitBrowser" time="-1.675409053713E9" classname="com.neotech.lesson01.TitleAndLoginValidation">
    <skipped/>
  </testcase> <!-- @AfterMethod quitBrowser -->
  <testcase name="@BeforeMethod setUp" time="20.029" classname="com.neotech.utils.BaseClass">
    <failure type="org.openqa.selenium.SessionNotCreatedException" message="Could not start a new session. Possible causes are invalid address of the remote server or browser start-up failure. 
Host info: host: &amp;apos;Kerims-MacBook-Pro.local&amp;apos;, ip: &amp;apos;fe80:0:0:0:5f:4e8a:2bc9:126f%en0&amp;apos;">
      <![CDATA[org.openqa.selenium.SessionNotCreatedException: Could not start a new session. Possible causes are invalid address of the remote server or browser start-up failure. 
Host info: host: 'Kerims-MacBook-Pro.local', ip: 'fe80:0:0:0:5f:4e8a:2bc9:126f%en0'
at org.openqa.selenium.remote.RemoteWebDriver.execute(RemoteWebDriver.java:553)
at org.openqa.selenium.remote.RemoteWebDriver.startSession(RemoteWebDriver.java:228)
at org.openqa.selenium.remote.RemoteWebDriver.<init>(RemoteWebDriver.java:156)
at org.openqa.selenium.chromium.ChromiumDriver.<init>(ChromiumDriver.java:101)
at org.openqa.selenium.chrome.ChromeDriver.<init>(ChromeDriver.java:82)
at org.openqa.selenium.chrome.ChromeDriver.<init>(ChromeDriver.java:50)
at com.neotech.utils.BaseClass.setUp(BaseClass.java:29)
at java.util.ArrayList.forEach(ArrayList.java:1259)
Caused by: org.openqa.selenium.WebDriverException: Timed out waiting for driver process to start.
Build info: version: '4.7.2', revision: '4d4020c3b7'
System info: os.name: 'Mac OS X', os.arch: 'x86_64', os.version: '13.2', java.version: '1.8.0_361'
Driver info: driver.version: ChromeDriver
at org.openqa.selenium.remote.service.DriverService.start(DriverService.java:218)
at org.openqa.selenium.remote.service.DriverCommandExecutor.execute(DriverCommandExecutor.java:98)
at org.openqa.selenium.remote.RemoteWebDriver.execute(RemoteWebDriver.java:535)
... 38 more
... Removed 31 stack frames]]>
    </failure>
  </testcase> <!-- @BeforeMethod setUp -->
  <testcase name="@BeforeMethod openAndNavigate" time="-1.675409073747E9" classname="com.neotech.lesson01.TitleAndLoginValidation">
    <skipped/>
  </testcase> <!-- @BeforeMethod openAndNavigate -->
  <testcase name="@AfterMethod quitBrowser" time="-1.675409073753E9" classname="com.neotech.lesson01.TitleAndLoginValidation">
    <skipped/>
  </testcase> <!-- @AfterMethod quitBrowser -->
  <testcase name="@BeforeMethod setUp" time="20.026" classname="com.neotech.utils.BaseClass">
    <failure type="org.openqa.selenium.SessionNotCreatedException" message="Could not start a new session. Possible causes are invalid address of the remote server or browser start-up failure. 
Host info: host: &amp;apos;Kerims-MacBook-Pro.local&amp;apos;, ip: &amp;apos;fe80:0:0:0:5f:4e8a:2bc9:126f%en0&amp;apos;">
      <![CDATA[org.openqa.selenium.SessionNotCreatedException: Could not start a new session. Possible causes are invalid address of the remote server or browser start-up failure. 
Host info: host: 'Kerims-MacBook-Pro.local', ip: 'fe80:0:0:0:5f:4e8a:2bc9:126f%en0'
at org.openqa.selenium.remote.RemoteWebDriver.execute(RemoteWebDriver.java:553)
at org.openqa.selenium.remote.RemoteWebDriver.startSession(RemoteWebDriver.java:228)
at org.openqa.selenium.remote.RemoteWebDriver.<init>(RemoteWebDriver.java:156)
at org.openqa.selenium.chromium.ChromiumDriver.<init>(ChromiumDriver.java:101)
at org.openqa.selenium.chrome.ChromeDriver.<init>(ChromeDriver.java:82)
at org.openqa.selenium.chrome.ChromeDriver.<init>(ChromeDriver.java:50)
at com.neotech.utils.BaseClass.setUp(BaseClass.java:29)
at java.util.ArrayList.forEach(ArrayList.java:1259)
Caused by: org.openqa.selenium.WebDriverException: Timed out waiting for driver process to start.
Build info: version: '4.7.2', revision: '4d4020c3b7'
System info: os.name: 'Mac OS X', os.arch: 'x86_64', os.version: '13.2', java.version: '1.8.0_361'
Driver info: driver.version: ChromeDriver
at org.openqa.selenium.remote.service.DriverService.start(DriverService.java:218)
at org.openqa.selenium.remote.service.DriverCommandExecutor.execute(DriverCommandExecutor.java:98)
at org.openqa.selenium.remote.RemoteWebDriver.execute(RemoteWebDriver.java:535)
... 38 more
... Removed 31 stack frames]]>
    </failure>
  </testcase> <!-- @BeforeMethod setUp -->
  <testcase name="@BeforeMethod openAndNavigate" time="-1.675409093781E9" classname="com.neotech.lesson01.TitleAndLoginValidation">
    <skipped/>
  </testcase> <!-- @BeforeMethod openAndNavigate -->
  <testcase name="@AfterMethod quitBrowser" time="-1.675409093835E9" classname="com.neotech.lesson01.TitleAndLoginValidation">
    <skipped/>
  </testcase> <!-- @AfterMethod quitBrowser -->
  <testcase name="testOne" time="0.006" classname="com.neotech.lesson01.TestNGDemo"/>
  <testcase name="testThree" time="0.002" classname="com.neotech.lesson01.TestNGDemo"/>
  <testcase name="testTwo" time="0.001" classname="com.neotech.lesson01.TestNGDemo"/>
  <testcase name="loginValidation" time="0.0" classname="com.neotech.lesson01.TitleAndLoginValidation">
    <skipped/>
  </testcase> <!-- loginValidation -->
  <testcase name="logoValidation" time="0.0" classname="com.neotech.lesson01.TitleAndLoginValidation">
    <skipped/>
  </testcase> <!-- logoValidation -->
  <testcase name="titleValidation" time="0.0" classname="com.neotech.lesson01.TitleAndLoginValidation">
    <skipped/>
  </testcase> <!-- titleValidation -->
  <testcase name="test1" time="0.001" classname="com.neotech.lesson01.MoreTestNGAnnotations"/>
  <testcase name="test2" time="0.001" classname="com.neotech.lesson01.MoreTestNGAnnotations"/>
  <testcase name="test1" time="0.0" classname="com.neotech.lesson01.TestNGAnnotations"/>
  <testcase name="test2" time="0.0" classname="com.neotech.lesson01.TestNGAnnotations"/>
</testsuite> <!-- Test Lesson01 -->
