<?xml version="1.0" encoding="UTF-8"?>
<!-- Generated by org.testng.reporters.JUnitXMLReporter -->
<testsuite hostname="Kerims-MacBook-Pro.local" ignored="2" name="Test Lesson02" tests="15" failures="1" timestamp="2023-02-02T23:26:14 PST" time="80.179" errors="0">
  <testcase name="@BeforeMethod setUp" time="20.009" classname="com.neotech.utils.BaseClass">
    <failure type="org.openqa.selenium.SessionNotCreatedException" message="Could not start a new session. Possible causes are invalid address of the remote server or browser start-up failure. 
Host info: host: &amp;apos;Kerims-MacBook-Pro.local&amp;apos;, ip: &amp;apos;fe80:0:0:0:5f:4e8a:2bc9:126f%en0&amp;apos;">
      <![CDATA[org.openqa.selenium.SessionNotCreatedException: Could not start a new session. Possible causes are invalid address of the remote server or browser start-up failure. 
Host info: host: 'Kerims-MacBook-Pro.local', ip: 'fe80:0:0:0:5f:4e8a:2bc9:126f%en0'
at org.openqa.selenium.remote.RemoteWebDriver.execute(RemoteWebDriver.java:553)
at org.openqa.selenium.remote.RemoteWebDriver.startSession(RemoteWebDriver.java:228)
at org.openqa.selenium.remote.RemoteWebDriver.<init>(RemoteWebDriver.java:156)
at org.openqa.selenium.chromium.ChromiumDriver.<init>(ChromiumDriver.java:101)
at org.openqa.selenium.chrome.ChromeDriver.<init>(ChromeDriver.java:82)
at org.openqa.selenium.chrome.ChromeDriver.<init>(ChromeDriver.java:50)
at com.neotech.utils.BaseClass.setUp(BaseClass.java:29)
at java.util.ArrayList.forEach(ArrayList.java:1259)
Caused by: org.openqa.selenium.WebDriverException: Timed out waiting for driver process to start.
Build info: version: '4.7.2', revision: '4d4020c3b7'
System info: os.name: 'Mac OS X', os.arch: 'x86_64', os.version: '13.2', java.version: '1.8.0_361'
Driver info: driver.version: ChromeDriver
at org.openqa.selenium.remote.service.DriverService.start(DriverService.java:218)
at org.openqa.selenium.remote.service.DriverCommandExecutor.execute(DriverCommandExecutor.java:98)
at org.openqa.selenium.remote.RemoteWebDriver.execute(RemoteWebDriver.java:535)
... 38 more
... Removed 31 stack frames]]>
    </failure>
  </testcase> <!-- @BeforeMethod setUp -->
  <testcase name="@BeforeMethod openAndNavigate" time="-1.675409113909E9" classname="com.neotech.lesson02.Homework1">
    <skipped/>
  </testcase> <!-- @BeforeMethod openAndNavigate -->
  <testcase name="@AfterMethod quitBrowser" time="-1.675409113912E9" classname="com.neotech.lesson02.Homework1">
    <skipped/>
  </testcase> <!-- @AfterMethod quitBrowser -->
  <testcase name="@BeforeMethod setUp" time="20.052" classname="com.neotech.utils.BaseClass">
    <failure type="org.openqa.selenium.SessionNotCreatedException" message="Could not start a new session. Possible causes are invalid address of the remote server or browser start-up failure. 
Host info: host: &amp;apos;Kerims-MacBook-Pro.local&amp;apos;, ip: &amp;apos;fe80:0:0:0:5f:4e8a:2bc9:126f%en0&amp;apos;">
      <![CDATA[org.openqa.selenium.SessionNotCreatedException: Could not start a new session. Possible causes are invalid address of the remote server or browser start-up failure. 
Host info: host: 'Kerims-MacBook-Pro.local', ip: 'fe80:0:0:0:5f:4e8a:2bc9:126f%en0'
at org.openqa.selenium.remote.RemoteWebDriver.execute(RemoteWebDriver.java:553)
at org.openqa.selenium.remote.RemoteWebDriver.startSession(RemoteWebDriver.java:228)
at org.openqa.selenium.remote.RemoteWebDriver.<init>(RemoteWebDriver.java:156)
at org.openqa.selenium.chromium.ChromiumDriver.<init>(ChromiumDriver.java:101)
at org.openqa.selenium.chrome.ChromeDriver.<init>(ChromeDriver.java:82)
at org.openqa.selenium.chrome.ChromeDriver.<init>(ChromeDriver.java:50)
at com.neotech.utils.BaseClass.setUp(BaseClass.java:29)
at java.util.ArrayList.forEach(ArrayList.java:1259)
Caused by: org.openqa.selenium.WebDriverException: Timed out waiting for driver process to start.
Build info: version: '4.7.2', revision: '4d4020c3b7'
System info: os.name: 'Mac OS X', os.arch: 'x86_64', os.version: '13.2', java.version: '1.8.0_361'
Driver info: driver.version: ChromeDriver
at org.openqa.selenium.remote.service.DriverService.start(DriverService.java:218)
at org.openqa.selenium.remote.service.DriverCommandExecutor.execute(DriverCommandExecutor.java:98)
at org.openqa.selenium.remote.RemoteWebDriver.execute(RemoteWebDriver.java:535)
... 38 more
... Removed 31 stack frames]]>
    </failure>
  </testcase> <!-- @BeforeMethod setUp -->
  <testcase name="@BeforeMethod openAndNavigate" time="-1.675409133967E9" classname="com.neotech.lesson02.Homework1">
    <skipped/>
  </testcase> <!-- @BeforeMethod openAndNavigate -->
  <testcase name="@AfterMethod quitBrowser" time="-1.67540913397E9" classname="com.neotech.lesson02.Homework1">
    <skipped/>
  </testcase> <!-- @AfterMethod quitBrowser -->
  <testcase name="@BeforeMethod setUp" time="20.052" classname="com.neotech.utils.BaseClass">
    <failure type="org.openqa.selenium.SessionNotCreatedException" message="Could not start a new session. Possible causes are invalid address of the remote server or browser start-up failure. 
Host info: host: &amp;apos;Kerims-MacBook-Pro.local&amp;apos;, ip: &amp;apos;fe80:0:0:0:5f:4e8a:2bc9:126f%en0&amp;apos;">
      <![CDATA[org.openqa.selenium.SessionNotCreatedException: Could not start a new session. Possible causes are invalid address of the remote server or browser start-up failure. 
Host info: host: 'Kerims-MacBook-Pro.local', ip: 'fe80:0:0:0:5f:4e8a:2bc9:126f%en0'
at org.openqa.selenium.remote.RemoteWebDriver.execute(RemoteWebDriver.java:553)
at org.openqa.selenium.remote.RemoteWebDriver.startSession(RemoteWebDriver.java:228)
at org.openqa.selenium.remote.RemoteWebDriver.<init>(RemoteWebDriver.java:156)
at org.openqa.selenium.chromium.ChromiumDriver.<init>(ChromiumDriver.java:101)
at org.openqa.selenium.chrome.ChromeDriver.<init>(ChromeDriver.java:82)
at org.openqa.selenium.chrome.ChromeDriver.<init>(ChromeDriver.java:50)
at com.neotech.utils.BaseClass.setUp(BaseClass.java:29)
at java.util.ArrayList.forEach(ArrayList.java:1259)
Caused by: org.openqa.selenium.WebDriverException: Timed out waiting for driver process to start.
Build info: version: '4.7.2', revision: '4d4020c3b7'
System info: os.name: 'Mac OS X', os.arch: 'x86_64', os.version: '13.2', java.version: '1.8.0_361'
Driver info: driver.version: ChromeDriver
at org.openqa.selenium.remote.service.DriverService.start(DriverService.java:218)
at org.openqa.selenium.remote.service.DriverCommandExecutor.execute(DriverCommandExecutor.java:98)
at org.openqa.selenium.remote.RemoteWebDriver.execute(RemoteWebDriver.java:535)
... 38 more
... Removed 31 stack frames]]>
    </failure>
  </testcase> <!-- @BeforeMethod setUp -->
  <testcase name="@BeforeMethod openAndNavigate" time="-1.675409154026E9" classname="com.neotech.lesson02.SoftAssertDemo">
    <skipped/>
  </testcase> <!-- @BeforeMethod openAndNavigate -->
  <testcase name="@AfterMethod quitBrowser" time="-1.675409154028E9" classname="com.neotech.lesson02.SoftAssertDemo">
    <skipped/>
  </testcase> <!-- @AfterMethod quitBrowser -->
  <testcase name="@BeforeMethod setUp" time="20.02" classname="com.neotech.utils.BaseClass">
    <failure type="org.openqa.selenium.SessionNotCreatedException" message="Could not start a new session. Possible causes are invalid address of the remote server or browser start-up failure. 
Host info: host: &amp;apos;Kerims-MacBook-Pro.local&amp;apos;, ip: &amp;apos;fe80:0:0:0:5f:4e8a:2bc9:126f%en0&amp;apos;">
      <![CDATA[org.openqa.selenium.SessionNotCreatedException: Could not start a new session. Possible causes are invalid address of the remote server or browser start-up failure. 
Host info: host: 'Kerims-MacBook-Pro.local', ip: 'fe80:0:0:0:5f:4e8a:2bc9:126f%en0'
at org.openqa.selenium.remote.RemoteWebDriver.execute(RemoteWebDriver.java:553)
at org.openqa.selenium.remote.RemoteWebDriver.startSession(RemoteWebDriver.java:228)
at org.openqa.selenium.remote.RemoteWebDriver.<init>(RemoteWebDriver.java:156)
at org.openqa.selenium.chromium.ChromiumDriver.<init>(ChromiumDriver.java:101)
at org.openqa.selenium.chrome.ChromeDriver.<init>(ChromeDriver.java:82)
at org.openqa.selenium.chrome.ChromeDriver.<init>(ChromeDriver.java:50)
at com.neotech.utils.BaseClass.setUp(BaseClass.java:29)
at java.util.ArrayList.forEach(ArrayList.java:1259)
Caused by: org.openqa.selenium.WebDriverException: Timed out waiting for driver process to start.
Build info: version: '4.7.2', revision: '4d4020c3b7'
System info: os.name: 'Mac OS X', os.arch: 'x86_64', os.version: '13.2', java.version: '1.8.0_361'
Driver info: driver.version: ChromeDriver
at org.openqa.selenium.remote.service.DriverService.start(DriverService.java:218)
at org.openqa.selenium.remote.service.DriverCommandExecutor.execute(DriverCommandExecutor.java:98)
at org.openqa.selenium.remote.RemoteWebDriver.execute(RemoteWebDriver.java:535)
... 38 more
... Removed 31 stack frames]]>
    </failure>
  </testcase> <!-- @BeforeMethod setUp -->
  <testcase name="@BeforeMethod openAndNavigate" time="-1.67540917405E9" classname="com.neotech.lesson02.AssertDemo">
    <skipped/>
  </testcase> <!-- @BeforeMethod openAndNavigate -->
  <testcase name="@AfterMethod quitBrowser" time="-1.675409174052E9" classname="com.neotech.lesson02.AssertDemo">
    <skipped/>
  </testcase> <!-- @AfterMethod quitBrowser -->
  <testcase name="firstTest" time="0.001" classname="com.neotech.lesson02.EnableAndDisable"/>
  <testcase name="thirdTest" time="0.001" classname="com.neotech.lesson02.EnableAndDisable"/>
  <testcase name="fourthTest" time="0.001" classname="com.neotech.lesson02.EnableAndDisable"/>
  <testcase name="loginValidation" time="0.0" classname="com.neotech.lesson02.Homework1">
    <skipped/>
  </testcase> <!-- loginValidation -->
  <testcase name="negativeLoginTest" time="0.0" classname="com.neotech.lesson02.Homework1">
    <skipped/>
  </testcase> <!-- negativeLoginTest -->
  <testcase name="logoAndLoginValidation" time="0.0" classname="com.neotech.lesson02.SoftAssertDemo">
    <skipped/>
  </testcase> <!-- logoAndLoginValidation -->
  <testcase name="validationLogo" time="0.0" classname="com.neotech.lesson02.AssertDemo">
    <skipped/>
  </testcase> <!-- validationLogo -->
  <testcase name="firstTest" time="0.0" classname="com.neotech.lesson02.PriorityDemo"/>
  <testcase name="secondTest" time="0.0" classname="com.neotech.lesson02.PriorityDemo"/>
  <testcase name="thirdTest" time="0.001" classname="com.neotech.lesson02.PriorityDemo"/>
  <testcase name="fourthTest" time="0.001" classname="com.neotech.lesson02.PriorityDemo"/>
  <testcase name="firstTest" time="0.0" classname="com.neotech.lesson02.DependsDemo"/>
  <testcase name="secondTest" time="0.0" classname="com.neotech.lesson02.DependsDemo"/>
  <testcase name="thirdTest" time="0.001" classname="com.neotech.lesson02.DependsDemo">
    <failure type="java.lang.Exception">
      <![CDATA[java.lang.Exception
at com.neotech.lesson02.DependsDemo.thirdTest(DependsDemo.java:21)
at java.util.ArrayList.forEach(ArrayList.java:1259)
... Removed 27 stack frames]]>
    </failure>
  </testcase> <!-- thirdTest -->
  <testcase name="fourthTest" time="0.0" classname="com.neotech.lesson02.DependsDemo">
    <skipped/>
  </testcase> <!-- fourthTest -->
  <testcase name="secondTest" time="0.0" classname="com.neotech.lesson02.EnableAndDisable">
    <ignored/>
  </testcase> <!-- secondTest -->
  <testcase name="titleValidation" time="0.0" classname="com.neotech.lesson02.AssertDemo">
    <ignored/>
  </testcase> <!-- titleValidation -->
</testsuite> <!-- Test Lesson02 -->
